21:15:55:006  INFO 92013 --- [main] com.hmall.item.ItemApplication           : Starting ItemApplication using Java 11.0.21 on TonyMacBook-Pro.local with PID 92013 (/Users/tony/IdeaProjects/java_base/hmall/item-service/target/classes started by tony in /Users/tony/IdeaProjects/java_base/hmall)
21:15:55:008 DEBUG 92013 --- [main] com.hmall.item.ItemApplication           : Running with Spring Boot v2.7.12, Spring v5.3.27
21:15:55:009  INFO 92013 --- [main] com.hmall.item.ItemApplication           : The following 1 profile is active: "local"
21:15:55:665  INFO 92013 --- [main] o.s.b.w.embedded.tomcat.TomcatWebServer  : Tomcat initialized with port(s): 8081 (http)
21:15:55:669  INFO 92013 --- [main] o.apache.catalina.core.StandardService   : Starting service [Tomcat]
21:15:55:669  INFO 92013 --- [main] org.apache.catalina.core.StandardEngine  : Starting Servlet engine: [Apache Tomcat/9.0.75]
21:15:55:719  INFO 92013 --- [main] o.a.c.c.C.[Tomcat].[localhost].[/]       : Initializing Spring embedded WebApplicationContext
21:15:55:719  INFO 92013 --- [main] w.s.c.ServletWebServerApplicationContext : Root WebApplicationContext: initialization completed in 663 ms
21:15:56:134  INFO 92013 --- [main] pertySourcedRequestMappingHandlerMapping : Mapped URL path [/v2/api-docs] onto method [springfox.documentation.swagger2.web.Swagger2ControllerWebMvc#getDocumentation(String, HttpServletRequest)]
21:15:56:187  INFO 92013 --- [main] o.s.b.w.embedded.tomcat.TomcatWebServer  : Tomcat started on port(s): 8081 (http) with context path ''
21:15:56:188  INFO 92013 --- [main] d.s.w.p.DocumentationPluginsBootstrapper : Documentation plugins bootstrapped
21:15:56:190  INFO 92013 --- [main] d.s.w.p.DocumentationPluginsBootstrapper : Found 1 custom documentation plugin(s)
21:15:56:203  INFO 92013 --- [main] s.d.s.w.s.ApiListingReferenceScanner     : Scanning for api listing references
21:15:56:278  INFO 92013 --- [main] com.hmall.item.ItemApplication           : Started ItemApplication in 1.533 seconds (JVM running for 1.897)
21:21:17:876  INFO 92013 --- [http-nio-8081-exec-1] o.a.c.c.C.[Tomcat].[localhost].[/]       : Initializing Spring DispatcherServlet 'dispatcherServlet'
21:21:17:877  INFO 92013 --- [http-nio-8081-exec-1] o.s.web.servlet.DispatcherServlet        : Initializing Servlet 'dispatcherServlet'
21:21:17:881  INFO 92013 --- [http-nio-8081-exec-1] o.s.web.servlet.DispatcherServlet        : Completed initialization in 4 ms
21:22:15:017  INFO 92013 --- [http-nio-8081-exec-3] com.zaxxer.hikari.HikariDataSource       : HikariPool-1 - Starting...
21:22:15:281  INFO 92013 --- [http-nio-8081-exec-3] com.zaxxer.hikari.HikariDataSource       : HikariPool-1 - Start completed.
21:22:15:285 DEBUG 92013 --- [http-nio-8081-exec-3] c.h.i.m.ItemMapper.selectPage_mpCount    : ==>  Preparing: SELECT COUNT(*) FROM item
21:22:15:308 DEBUG 92013 --- [http-nio-8081-exec-3] c.h.i.m.ItemMapper.selectPage_mpCount    : ==> Parameters: 
21:22:15:329 DEBUG 92013 --- [http-nio-8081-exec-3] c.h.i.m.ItemMapper.selectPage_mpCount    : <==      Total: 1
21:22:15:335 DEBUG 92013 --- [http-nio-8081-exec-3] c.h.item.mapper.ItemMapper.selectPage    : ==>  Preparing: SELECT id, name, price, stock, image, category, brand, spec, sold, comment_count, isAD, status, create_time, update_time, creater, updater FROM item ORDER BY update_time DESC LIMIT ?
21:22:15:336 DEBUG 92013 --- [http-nio-8081-exec-3] c.h.item.mapper.ItemMapper.selectPage    : ==> Parameters: 20(Long)
21:22:15:364 DEBUG 92013 --- [http-nio-8081-exec-3] c.h.item.mapper.ItemMapper.selectPage    : <==      Total: 20
21:23:55:503 DEBUG 92013 --- [http-nio-8081-exec-1] c.h.i.mapper.ItemMapper.selectBatchIds   : ==>  Preparing: SELECT id,name,price,stock,image,category,brand,spec,sold,comment_count,isAD,status,create_time,update_time,creater,updater FROM item WHERE id IN ( ? , ? , ? )
21:23:55:504 DEBUG 92013 --- [http-nio-8081-exec-1] c.h.i.mapper.ItemMapper.selectBatchIds   : ==> Parameters: 100002672302(Long), 100002624500(Long), 100002533430(Long)
21:23:55:516 DEBUG 92013 --- [http-nio-8081-exec-1] c.h.i.mapper.ItemMapper.selectBatchIds   : <==      Total: 0
21:24:04:775 DEBUG 92013 --- [http-nio-8081-exec-10] c.h.i.mapper.ItemMapper.selectBatchIds   : ==>  Preparing: SELECT id,name,price,stock,image,category,brand,spec,sold,comment_count,isAD,status,create_time,update_time,creater,updater FROM item WHERE id IN ( ? , ? , ? )
21:24:04:777 DEBUG 92013 --- [http-nio-8081-exec-10] c.h.i.mapper.ItemMapper.selectBatchIds   : ==> Parameters: 100002672302(Long), 100002624500(Long), 100002533430(Long)
21:24:04:790 DEBUG 92013 --- [http-nio-8081-exec-10] c.h.i.mapper.ItemMapper.selectBatchIds   : <==      Total: 0
22:01:07:519  INFO 92013 --- [SpringApplicationShutdownHook] com.zaxxer.hikari.HikariDataSource       : HikariPool-1 - Shutdown initiated...
22:01:07:566  INFO 92013 --- [SpringApplicationShutdownHook] com.zaxxer.hikari.HikariDataSource       : HikariPool-1 - Shutdown completed.
22:27:15:365  INFO 2381 --- [main] com.hmall.item.ItemApplication           : Starting ItemApplication using Java 11.0.21 on TonyMacBook-Pro.local with PID 2381 (/Users/tony/IdeaProjects/java_base/hmall/item-service/target/classes started by tony in /Users/tony/IdeaProjects/java_base/hmall)
22:27:15:367 DEBUG 2381 --- [main] com.hmall.item.ItemApplication           : Running with Spring Boot v2.7.12, Spring v5.3.27
22:27:15:367  INFO 2381 --- [main] com.hmall.item.ItemApplication           : The following 1 profile is active: "local"
22:27:16:036  INFO 2381 --- [main] o.s.b.w.embedded.tomcat.TomcatWebServer  : Tomcat initialized with port(s): 8081 (http)
22:27:16:041  INFO 2381 --- [main] o.apache.catalina.core.StandardService   : Starting service [Tomcat]
22:27:16:041  INFO 2381 --- [main] org.apache.catalina.core.StandardEngine  : Starting Servlet engine: [Apache Tomcat/9.0.75]
22:27:16:091  INFO 2381 --- [main] o.a.c.c.C.[Tomcat].[localhost].[/]       : Initializing Spring embedded WebApplicationContext
22:27:16:091  INFO 2381 --- [main] w.s.c.ServletWebServerApplicationContext : Root WebApplicationContext: initialization completed in 698 ms
22:27:16:505  INFO 2381 --- [main] pertySourcedRequestMappingHandlerMapping : Mapped URL path [/v2/api-docs] onto method [springfox.documentation.swagger2.web.Swagger2ControllerWebMvc#getDocumentation(String, HttpServletRequest)]
22:27:16:561  INFO 2381 --- [main] o.s.b.w.embedded.tomcat.TomcatWebServer  : Tomcat started on port(s): 8081 (http) with context path ''
22:27:16:562  INFO 2381 --- [main] d.s.w.p.DocumentationPluginsBootstrapper : Documentation plugins bootstrapped
22:27:16:563  INFO 2381 --- [main] d.s.w.p.DocumentationPluginsBootstrapper : Found 1 custom documentation plugin(s)
22:27:16:576  INFO 2381 --- [main] s.d.s.w.s.ApiListingReferenceScanner     : Scanning for api listing references
22:27:16:649  INFO 2381 --- [main] com.hmall.item.ItemApplication           : Started ItemApplication in 1.535 seconds (JVM running for 2.0)
22:27:29:468  INFO 2381 --- [http-nio-8081-exec-1] o.a.c.c.C.[Tomcat].[localhost].[/]       : Initializing Spring DispatcherServlet 'dispatcherServlet'
22:27:29:468  INFO 2381 --- [http-nio-8081-exec-1] o.s.web.servlet.DispatcherServlet        : Initializing Servlet 'dispatcherServlet'
22:27:29:469  INFO 2381 --- [http-nio-8081-exec-1] o.s.web.servlet.DispatcherServlet        : Completed initialization in 1 ms
22:27:29:514  INFO 2381 --- [http-nio-8081-exec-1] com.zaxxer.hikari.HikariDataSource       : HikariPool-1 - Starting...
22:27:29:713  INFO 2381 --- [http-nio-8081-exec-1] com.zaxxer.hikari.HikariDataSource       : HikariPool-1 - Start completed.
22:27:29:717 DEBUG 2381 --- [http-nio-8081-exec-1] c.h.i.mapper.ItemMapper.selectBatchIds   : ==>  Preparing: SELECT id,name,price,stock,image,category,brand,spec,sold,comment_count,isAD,status,create_time,update_time,creater,updater FROM item WHERE id IN ( ? )
22:27:29:730 DEBUG 2381 --- [http-nio-8081-exec-1] c.h.i.mapper.ItemMapper.selectBatchIds   : ==> Parameters: 100000006163(Long)
22:27:29:746 DEBUG 2381 --- [http-nio-8081-exec-1] c.h.i.mapper.ItemMapper.selectBatchIds   : <==      Total: 0
22:27:45:288 DEBUG 2381 --- [http-nio-8081-exec-2] c.h.i.mapper.ItemMapper.selectBatchIds   : ==>  Preparing: SELECT id,name,price,stock,image,category,brand,spec,sold,comment_count,isAD,status,create_time,update_time,creater,updater FROM item WHERE id IN ( ? )
22:27:45:289 DEBUG 2381 --- [http-nio-8081-exec-2] c.h.i.mapper.ItemMapper.selectBatchIds   : ==> Parameters: 100000006163(Long)
22:27:45:307 DEBUG 2381 --- [http-nio-8081-exec-2] c.h.i.mapper.ItemMapper.selectBatchIds   : <==      Total: 0
22:27:45:998 DEBUG 2381 --- [http-nio-8081-exec-3] c.h.i.mapper.ItemMapper.selectBatchIds   : ==>  Preparing: SELECT id,name,price,stock,image,category,brand,spec,sold,comment_count,isAD,status,create_time,update_time,creater,updater FROM item WHERE id IN ( ? )
22:27:45:999 DEBUG 2381 --- [http-nio-8081-exec-3] c.h.i.mapper.ItemMapper.selectBatchIds   : ==> Parameters: 100000006163(Long)
22:27:46:003 DEBUG 2381 --- [http-nio-8081-exec-3] c.h.i.mapper.ItemMapper.selectBatchIds   : <==      Total: 0
